2023-10-25 16:49:38.492 [info] Added views:workbench.panel.markers.view in workbench.panel.markers
2023-10-25 16:49:38.492 [info] Added views:workbench.panel.output in workbench.panel.output
2023-10-25 16:49:38.492 [info] Added views:terminal in terminal
2023-10-25 16:49:38.492 [info] Added views:outline in workbench.view.explorer
2023-10-25 16:49:38.492 [info] Added views:workbench.scm in workbench.view.scm
2023-10-25 16:49:38.492 [info] Added views:workbench.view.search in workbench.view.search
2023-10-25 16:49:38.492 [info] Added views:timeline in workbench.view.explorer
2023-10-25 16:49:38.492 [info] Added views:workbench.explorer.emptyView in workbench.view.explorer
2023-10-25 16:49:38.803 [info] Added views:workbench.debug.variablesView,workbench.debug.watchExpressionsView,workbench.debug.callStackView,workbench.debug.breakPointsView in workbench.view.debug
2023-10-25 16:49:41.537 [info] Added views:~remote.forwardedPorts in ~remote.forwardedPortsContainer
2023-10-25 16:49:41.861 [info] Added views:workbench.panel.repl.view in workbench.panel.repl
2023-10-25 16:49:41.863 [info] Removed views:workbench.debug.breakPointsView,workbench.debug.callStackView,workbench.debug.watchExpressionsView,workbench.debug.variablesView from workbench.view.debug
2023-10-25 16:49:41.872 [info] Added views:workbench.debug.welcome in workbench.view.debug
2023-10-25 16:50:00.564 [info] Added views:workbench.panel.markers.view in workbench.panel.markers
2023-10-25 16:50:00.564 [info] Added views:workbench.panel.output in workbench.panel.output
2023-10-25 16:50:00.564 [info] Added views:terminal in terminal
2023-10-25 16:50:00.564 [info] Added views:outline in workbench.view.explorer
2023-10-25 16:50:00.564 [info] Added views:workbench.scm in workbench.view.scm
2023-10-25 16:50:00.564 [info] Added views:workbench.view.search in workbench.view.search
2023-10-25 16:50:00.564 [info] Added views:timeline in workbench.view.explorer
2023-10-25 16:50:00.564 [info] Added views:workbench.explorer.fileView in workbench.view.explorer
2023-10-25 16:50:01.358 [info] Added views:workbench.debug.variablesView,workbench.debug.watchExpressionsView,workbench.debug.callStackView,workbench.debug.breakPointsView in workbench.view.debug
2023-10-25 16:50:01.774 [info] Added views:~remote.forwardedPorts in ~remote.forwardedPortsContainer
2023-10-25 16:50:02.088 [info] Added views:workbench.panel.repl.view in workbench.panel.repl
2023-10-25 16:50:02.100 [info] Removed views:workbench.debug.breakPointsView,workbench.debug.callStackView,workbench.debug.watchExpressionsView,workbench.debug.variablesView from workbench.view.debug
2023-10-25 16:50:02.103 [info] Added views:workbench.debug.welcome in workbench.view.debug
2023-10-26 16:36:03.749 [info] Added views:workbench.views.extensions.installed,workbench.views.extensions.popular,extensions.recommendedList in workbench.view.extensions
2023-10-26 16:36:03.771 [info] Removed views:workbench.views.extensions.popular from workbench.view.extensions
2023-10-26 16:36:06.443 [info] Added views:workbench.views.extensions.popular in workbench.view.extensions
2023-10-26 16:36:43.611 [info] Removed views:extensions.recommendedList,workbench.views.extensions.popular,workbench.views.extensions.installed from workbench.view.extensions
2023-10-26 16:36:43.639 [info] Added views:workbench.views.extensions.marketplace in workbench.view.extensions
2023-10-26 16:37:10.205 [info] Removed views:workbench.views.extensions.marketplace from workbench.view.extensions
2023-10-26 16:37:10.250 [info] Added views:workbench.views.extensions.installed,workbench.views.extensions.popular,extensions.recommendedList in workbench.view.extensions
2023-10-26 16:37:12.306 [info] Removed views:extensions.recommendedList,workbench.views.extensions.popular,workbench.views.extensions.installed from workbench.view.extensions
2023-10-26 16:37:12.333 [info] Added views:workbench.views.extensions.marketplace in workbench.view.extensions
